Pipeline log: datasets/uf_museum_battus/results/images/pipeline.log
Loading UNet weights: runs/20260510_193738_resnet18_b2_e50_s800x1200/battus100_segm_c4_resnet18_b2_e50_s1200x800.pkl  (device=cuda)
/home/rahul/miniconda3/envs/lepmuse/lib/python3.10/site-packages/fastai/learner.py:455: UserWarning: load_learner` uses Python's insecure pickle module, which can execute malicious arbitrary code when loading. Only load files you trust.
If you only need to load model weights and optimizer state, use the safe `Learner.load` instead.
  warn("load_learner` uses Python's insecure pickle module, which can execute malicious arbitrary code when loading. Only load files you trust.\nIf you only need to load model weights and optimizer state, use the safe `Learner.load` instead.")
Incremental run: 3541 already done, 4086 remaining — delete datasets/uf_museum_battus/results/results.csv for a full re-run
Running pipeline with 50 parallel workers

Image 1/4086 : IMG_1194.JPG

Image 2/4086 : IMG_1195.JPG

Image 3/4086 : IMG_1254.JPG

Image 4/4086 : IMG_1255.JPG

Image 5/4086 : IMG_1283.JPG

Image 6/4086 : IMG_1308.JPG

Image 7/4086 : IMG_1309.JPG

Image 8/4086 : IMG_1424.JPG

Image 9/4086 : IMG_1440.JPG

Image 10/4086 : IMG_1441.JPG

Image 11/4086 : IMG_1455.JPG

Image 12/4086 : IMG_1469.JPG

Image 13/4086 : IMG_1507.JPG

Image 14/4086 : IMG_1571.JPG

Image 15/4086 : IMG_1573.JPG

Image 16/4086 : IMG_1586.JPG

Image 17/4086 : IMG_1599.JPG

Image 18/4086 : IMG_1603.JPG

Image 19/4086 : IMG_1604.JPG

Image 20/4086 : IMG_1614.JPG

Image 21/4086 : IMG_1654.JPG

Image 22/4086 : IMG_1658.JPG

Image 23/4086 : IMG_1659.JPG

Image 24/4086 : IMG_1680.JPG

Image 25/4086 : IMG_1681.JPG

Image 26/4086 : IMG_1743.JPG

Image 27/4086 : IMG_1763.JPG

Image 28/4086 : IMG_1764.JPG

Image 29/4086 : IMG_1774.JPG

Image 30/4086 : IMG_1779.JPG

Image 31/4086 : IMG_1784.JPG

Image 32/4086 : IMG_1807.JPG

Image 33/4086 : IMG_1808.JPG

Image 34/4086 : IMG_1999.JPG

Image 35/4086 : IMG_2076.JPG

Image 36/4086 : IMG_2077.JPG

Image 37/4086 : IMG_2078.JPG

Image 38/4086 : IMG_2079.JPG

Image 39/4086 : IMG_2121.JPG

Image 40/4086 : IMG_2175.JPG

Image 41/4086 : IMG_2185.JPG

Image 42/4086 : IMG_2239.JPG

Image 43/4086 : IMG_2240.JPG

Image 44/4086 : IMG_2253.JPG

Image 45/4086 : IMG_2254.JPG

Image 46/4086 : IMG_2258.JPG

Image 47/4086 : IMG_2275.JPG

Image 48/4086 : IMG_2285.JPG

Image 49/4086 : IMG_2313.JPG

Image 50/4086 : IMG_2314.JPG
EXIF orientation: upright — no rotation needed
Processing UNet segmentation...
█ |----------------------------------------------------------------------------------------------------| 0.00% [0/1 00:00<?]EXIF orientation tag 3: corrected 5184×3456 → 5184×3456EXIF orientation tag 3: corrected 5184×3456 → 5184×3456

EXIF orientation tag 3: corrected 5184×3456 → 5184×3456
EXIF orientation tag 3: corrected 5184×3456 → 5184×3456
EXIF orientation tag 3: corrected 5184×3456 → 5184×3456
EXIF orientation tag 3: corrected 5184×3456 → 5184×3456
EXIF orientation tag 3: corrected 5184×3456 → 5184×3456EXIF orientation tag 3: corrected 5184×3456 → 5184×3456EXIF orientation tag 3: corrected 5184×3456 → 5184×3456EXIF orientation tag 3: corrected 5184×3456 → 5184×3456EXIF orientation tag 3: corrected 5184×3456 → 5184×3456EXIF orientation tag 3: corrected 5184×3456 → 5184×3456EXIF orientation tag 3: corrected 5184×3456 → 5184×3456EXIF orientation tag 3: corrected 5184×3456 → 5184×3456EXIF orientation tag 3: corrected 5184×3456 → 5184×3456EXIF orientation tag 3: corrected 5184×3456 → 5184×3456EXIF orientation tag 3: corrected 5184×3456 → 5184×3456

EXIF orientation tag 3: corrected 5184×3456 → 5184×3456EXIF orientation tag 6: corrected 5184×3456 → 3456×5184EXIF orientation tag 3: corrected 5184×3456 → 5184×3456
EXIF orientation tag 3: corrected 5184×3456 → 5184×3456EXIF orientation tag 3: corrected 5184×3456 → 5184×3456EXIF orientation tag 3: corrected 5184×3456 → 5184×3456
EXIF orientation tag 6: corrected 5184×3456 → 3456×5184
EXIF orientation tag 3: corrected 5184×3456 → 5184×3456Processing UNet segmentation...
EXIF orientation tag 3: corrected 5184×3456 → 5184×3456

EXIF orientation tag 3: corrected 5184×3456 → 5184×3456EXIF orientation tag 3: corrected 5184×3456 → 5184×3456

EXIF orientation tag 3: corrected 5184×3456 → 5184×3456Processing UNet segmentation...Processing UNet segmentation...EXIF orientation tag 3: corrected 5184×3456 → 5184×3456EXIF orientation tag 3: corrected 5184×3456 → 5184×3456Processing UNet segmentation...


EXIF orientation tag 3: corrected 5184×3456 → 5184×3456EXIF orientation tag 3: corrected 5184×3456 → 5184×3456EXIF orientation tag 3: corrected 5184×3456 → 5184×3456Processing UNet segmentation...EXIF orientation tag 3: corrected 5184×3456 → 5184×3456

Processing UNet segmentation...Processing UNet segmentation...Processing UNet segmentation...
EXIF orientation tag 3: corrected 5184×3456 → 5184×3456EXIF orientation tag 3: corrected 5184×3456 → 5184×3456
EXIF orientation tag 3: corrected 5184×3456 → 5184×3456EXIF orientation tag 3: corrected 5184×3456 → 5184×3456EXIF orientation tag 3: corrected 5184×3456 → 5184×3456EXIF orientation tag 3: corrected 5184×3456 → 5184×3456
Processing UNet segmentation...
EXIF orientation tag 3: corrected 5184×3456 → 5184×3456
EXIF orientation tag 3: corrected 5184×3456 → 5184×3456Processing UNet segmentation...

Processing UNet segmentation...
Processing UNet segmentation...Processing UNet segmentation...
Processing UNet segmentation...EXIF orientation tag 3: corrected 5184×3456 → 5184×3456

EXIF orientation tag 3: corrected 5184×3456 → 5184×3456

Processing UNet segmentation...Processing UNet segmentation...Processing UNet segmentation...Processing UNet segmentation...

EXIF orientation tag 3: corrected 5184×3456 → 5184×3456

Processing UNet segmentation...EXIF orientation tag 3: corrected 5184×3456 → 5184×3456
Processing UNet segmentation...Processing UNet segmentation...


Processing UNet segmentation...EXIF orientation tag 3: corrected 5184×3456 → 5184×3456
Processing UNet segmentation...



Processing UNet segmentation...Processing UNet segmentation...
Processing UNet segmentation...


Processing UNet segmentation...Processing UNet segmentation...Processing UNet segmentation...Processing UNet segmentation...

Processing UNet segmentation...

Processing UNet segmentation...
EXIF orientation tag 3: corrected 5184×3456 → 5184×3456



Processing UNet segmentation...



Processing UNet segmentation...
Processing UNet segmentation...Processing UNet segmentation...





Processing UNet segmentation...Processing UNet segmentation...



Processing UNet segmentation...






Processing UNet segmentation...Processing UNet segmentation...







Processing UNet segmentation...
Processing UNet segmentation...Processing UNet segmentation...

Processing UNet segmentation...

Processing UNet segmentation...
Processing UNet segmentation...Processing UNet segmentation...
Processing UNet segmentation...
 |████████████████████████████████████████████████████████████████████████████████████████████████████| 100.00% [1/1 00:05<00:00]                                                                                                                                                                                                                                                                  █epoch     train_loss  valid_loss  acc_camvid  time    
█Epoch 1/50 : |----------------------------------------------------------------------------------------------------| 0.00% [0/1 00:00<?]Epoch 1/50 : |████████████████████████████████████████████████████████████████████████████████████████████████████| 100.00% [1/1 00:00<00:00]Epoch 1/50 :                                                                                                                                 Epoch 1/50 :                                                                                                                                 0         None        None        00:00       
█ |----------------------------------------------------------------------------------------------------| 0.00% [0/1 00:00<?] |████████████████████████████████████████████████████████████████████████████████████████████████████| 100.00% [1/1 00:00<00:00]                                                                                                                                                                                                                                                                  █ |----------------------------------------------------------------------------------------------------| 0.00% [0/1 00:00<?] |████████████████████████████████████████████████████████████████████████████████████████████████████| 100.00% [1/1 00:00<00:00]                                                                                                                                                                                                                                                                  █ |----------------------------------------------------------------------------------------------------| 0.00% [0/1 00:00<?] |████████████████████████████████████████████████████████████████████████████████████████████████████| 100.00% [1/1 00:00<00:00]                                                                                                                                                                                                                                                                  █ |----------------------------------------------------------------------------------------------------| 0.00% [0/1 00:00<?]Content-based orientation: ruler right of specimen — rotating 180°
Processing UNet segmentation...
 |████████████████████████████████████████████████████████████████████████████████████████████████████| 100.00% [1/1 00:00<00:00]                                                                                                                                                                                                                                                                  █ |----------------------------------------------------------------------------------------------------| 0.00% [0/1 00:00<?] |████████████████████████████████████████████████████████████████████████████████████████████████████| 100.00% [1/1 00:00<00:00]                                                                                                                                                                                                                                                                  Ruler bounding box: 3360h × 208w  →  vertical
Dense ruler strip: 3360h × 206w  abs=(95,921)
Estimated ruler t-unit space in pixels - 30.90
█ |----------------------------------------------------------------------------------------------------| 0.00% [0/1 00:00<?] |████████████████████████████████████████████████████████████████████████████████████████████████████| 100.00% [1/1 00:00<00:00]                                                                                                                                                                                                                                                                  █ |----------------------------------------------------------------------------------------------------| 0.00% [0/1 00:00<?]Ruler bounding box: 3388h × 1231w  →  vertical
Dense ruler strip: 3388h × 1187w  abs=(67,278)
Measurements:
* left_wing: 36.28 mm
* right_wing: 35.97 mm
* left_wing_center: 42.95 mm
* right_wing_center: 42.16 mm
* wing_span: 59.14 mm
* wing_shoulder: 0.42 mm
* Failed: /home/rahul/workspace/data/UF_museum_data_2023/Battus philenor/Kailee Stover/20230417/IMG_1440.JPG: Ruler tick signal is all-zero after binarization. The ruler crop may be empty, mislocated, or entirely erased by remove_numbers(). Check that the ruler mask covers the tick-mark area.

Image 51/4086 : IMG_2333.JPG
 |████████████████████████████████████████████████████████████████████████████████████████████████████| 100.00% [1/1 00:00<00:00]                                                                                                                                                                                                                                                                  █ |----------------------------------------------------------------------------------------------------| 0.00% [0/1 00:00<?] |████████████████████████████████████████████████████████████████████████████████████████████████████| 100.00% [1/1 00:00<00:00]                                                                                                                                                                                                                                                                  EXIF orientation tag 3: corrected 5184×3456 → 5184×3456
█ |----------------------------------------------------------------------------------------------------| 0.00% [0/1 00:00<?]Processing UNet segmentation...
 |████████████████████████████████████████████████████████████████████████████████████████████████████| 100.00% [1/1 00:00<00:00]                                                                                                                                                                                                                                                                  Ruler bounding box: 3358h × 221w  →  vertical
Dense ruler strip: 3358h × 215w  abs=(97,900)
Ruler bounding box: 3439h × 221w  →  vertical
Dense ruler strip: 3439h × 215w  abs=(16,873)
█ |----------------------------------------------------------------------------------------------------| 0.00% [0/1 00:00<?]Estimated ruler t-unit space in pixels - 30.89
Estimated ruler t-unit space in pixels - 30.92
